d:\work\win32\com\shoppingapp\debug\vc141.pdb
d:\work\win32\com\shoppingapp\debug\vc141.idb
d:\work\win32\com\shoppingapp\debug\source.obj
d:\work\win32\com\shoppingapp\debug\shoppingapp.ilk
d:\work\win32\com\shoppingapp\debug\shoppingapp.exe
d:\work\win32\com\shoppingapp\debug\shoppingapp.pdb
d:\work\win32\com\shoppingapp\debug\resource.res
d:\work\shoppingapp\debug\source.obj
d:\work\shoppingapp\debug\shoppingapp.ilk
d:\work\shoppingapp\debug\resource.res
d:\work\shoppingapp\debug\vc141.idb
d:\work\shoppingapp\debug\shoppingapp.pdb
d:\work\shoppingapp\debug\vc141.pdb
d:\work\shoppingapp\debug\shoppingapp.exe
d:\work\shoppingapp\debug\shoppingapp.tlog\cl.command.1.tlog
d:\work\shoppingapp\debug\shoppingapp.tlog\cl.read.1.tlog
d:\work\shoppingapp\debug\shoppingapp.tlog\cl.write.1.tlog
d:\work\shoppingapp\debug\shoppingapp.tlog\link.command.1.tlog
d:\work\shoppingapp\debug\shoppingapp.tlog\link.read.1.tlog
d:\work\shoppingapp\debug\shoppingapp.tlog\link.write.1.tlog
d:\work\shoppingapp\debug\shoppingapp.tlog\rc.command.1.tlog
d:\work\shoppingapp\debug\shoppingapp.tlog\rc.read.1.tlog
d:\work\shoppingapp\debug\shoppingapp.tlog\rc.write.1.tlog
